::1 - - [16/Jul/2022:19:37:10 +0000] "POST /brand/login HTTP/1.1" 200 185 "-" "PostmanRuntime/7.29.0"
::1 - - [16/Jul/2022:19:37:27 +0000] "POST /brand/login HTTP/1.1" 200 185 "-" "PostmanRuntime/7.29.0"
::1 - - [17/Jul/2022:06:01:44 +0000] "POST /brand HTTP/1.1" 200 34 "-" "PostmanRuntime/7.29.0"
::1 - - [17/Jul/2022:06:07:08 +0000] "POST /brand HTTP/1.1" 500 20 "-" "PostmanRuntime/7.29.0"
::1 - - [17/Jul/2022:06:07:21 +0000] "GET /brand HTTP/1.1" 200 149 "-" "PostmanRuntime/7.29.0"
::1 - - [17/Jul/2022:06:07:37 +0000] "POST /brand HTTP/1.1" 500 20 "-" "PostmanRuntime/7.29.0"
::1 - - [17/Jul/2022:18:10:34 +0000] "POST /brand/promote HTTP/1.1" 404 1200 "-" "PostmanRuntime/7.29.0"
::1 - - [17/Jul/2022:18:11:04 +0000] "POST /retailer/promote HTTP/1.1" 200 66 "-" "PostmanRuntime/7.29.0"
::1 - - [17/Jul/2022:18:12:19 +0000] "GET /retailer HTTP/1.1" 200 2 "-" "PostmanRuntime/7.29.0"
::1 - - [17/Jul/2022:18:16:35 +0000] "POST /retailer HTTP/1.1" 500 20 "-" "PostmanRuntime/7.29.0"
::1 - - [17/Jul/2022:18:17:07 +0000] "POST /retailer HTTP/1.1" 500 20 "-" "PostmanRuntime/7.29.0"
::1 - - [17/Jul/2022:18:17:53 +0000] "POST /retailer HTTP/1.1" 200 34 "-" "PostmanRuntime/7.29.0"
::1 - - [17/Jul/2022:18:18:06 +0000] "POST /retailer/login HTTP/1.1" 200 184 "-" "PostmanRuntime/7.29.0"
::1 - - [18/Jul/2022:03:28:20 +0000] "POST /retailer HTTP/1.1" 500 20 "-" "PostmanRuntime/7.29.0"
::1 - - [18/Jul/2022:03:28:24 +0000] "POST /retailer/promote HTTP/1.1" 500 1327 "-" "PostmanRuntime/7.29.0"
::1 - - [18/Jul/2022:03:29:33 +0000] "POST /retailer/promote HTTP/1.1" 403 12 "-" "PostmanRuntime/7.29.0"
::1 - - [18/Jul/2022:03:32:07 +0000] "POST /retailer/promote HTTP/1.1" 403 12 "-" "PostmanRuntime/7.29.0"
::1 - - [18/Jul/2022:03:32:34 +0000] "POST /retailer/promote?token=eyJhbGciOiJIUzI1NiIsInR5cCI6IkpXVCJ9.eyJpZCI6IjYyZDQ1MjRlMTYyZWI0NThkOGEyYWE1MCIsImlzUmV0YWlsZXIiOnRydWUsImlhdCI6MTY1ODA4MTg4Nn0.J7O4LcrqDrRRXk-OIBZNHgIQ47L1vCJI1oczqz2qNMs HTTP/1.1" 403 12 "-" "PostmanRuntime/7.29.0"
::1 - - [18/Jul/2022:03:33:00 +0000] "POST /retailer/promote?token=eyJhbGciOiJIUzI1NiIsInR5cCI6IkpXVCJ9.eyJpZCI6IjYyZDQ1MjRlMTYyZWI0NThkOGEyYWE1MCIsImlzUmV0YWlsZXIiOnRydWUsImlhdCI6MTY1ODA4MTg4Nn0.J7O4LcrqDrRRXk-OIBZNHgIQ47L1vCJI1oczqz2qNMs HTTP/1.1" 403 12 "-" "PostmanRuntime/7.29.0"
::1 - - [18/Jul/2022:03:52:02 +0000] "POST /retailer/promote?token=eyJhbGciOiJIUzI1NiIsInR5cCI6IkpXVCJ9.eyJpZCI6IjYyZDQ1MjRlMTYyZWI0NThkOGEyYWE1MCIsImlzUmV0YWlsZXIiOnRydWUsImlhdCI6MTY1ODA4MTg4Nn0.J7O4LcrqDrRRXk-OIBZNHgIQ47L1vCJI1oczqz2qNMs HTTP/1.1" 403 12 "-" "PostmanRuntime/7.29.0"
::1 - - [18/Jul/2022:03:52:48 +0000] "POST /retailer/promote?token=eyJhbGciOiJIUzI1NiIsInR5cCI6IkpXVCJ9.eyJpZCI6IjYyZDQ1MjRlMTYyZWI0NThkOGEyYWE1MCIsImlzUmV0YWlsZXIiOnRydWUsImlhdCI6MTY1ODA4MTg4Nn0.J7O4LcrqDrRRXk-OIBZNHgIQ47L1vCJI1oczqz2qNMs HTTP/1.1" 200 66 "-" "PostmanRuntime/7.29.0"
::1 - - [18/Jul/2022:04:26:55 +0000] "GET /product HTTP/1.1" 200 2 "-" "PostmanRuntime/7.29.0"
::1 - - [18/Jul/2022:04:27:06 +0000] "GET /brand HTTP/1.1" 200 149 "-" "PostmanRuntime/7.29.0"
::1 - - [18/Jul/2022:04:27:15 +0000] "POST /product HTTP/1.1" 200 127 "-" "PostmanRuntime/7.29.0"
::1 - - [18/Jul/2022:04:27:43 +0000] "GET /retailer HTTP/1.1" 200 156 "-" "PostmanRuntime/7.29.0"
::1 - - [18/Jul/2022:04:28:23 +0000] "POST /product/sign-retailer HTTP/1.1" 200 7 "-" "PostmanRuntime/7.29.0"
::1 - - [18/Jul/2022:04:28:37 +0000] "GET /product HTTP/1.1" 200 155 "-" "PostmanRuntime/7.29.0"
::1 - - [18/Jul/2022:04:28:51 +0000] "GET /product/retailers/62d4e12249bf6108b1e629aa HTTP/1.1" 500 20 "-" "PostmanRuntime/7.29.0"
::1 - - [18/Jul/2022:04:29:13 +0000] "GET /product/retailers/62d4e12249bf6108b1e629aa HTTP/1.1" 500 20 "-" "PostmanRuntime/7.29.0"
::1 - - [18/Jul/2022:04:29:47 +0000] "GET /product/retailers/62d4e12249bf6108b1e629aa HTTP/1.1" 500 20 "-" "PostmanRuntime/7.29.0"
::1 - - [18/Jul/2022:04:31:20 +0000] "GET /product/retailers/62d4e12249bf6108b1e629aa HTTP/1.1" 200 335 "-" "PostmanRuntime/7.29.0"
::1 - - [24/Jul/2022:06:54:54 +0000] "GET /brand HTTP/1.1" 200 175 "-" "PostmanRuntime/7.29.0"
::1 - - [24/Jul/2022:06:55:46 +0000] "GET /brand HTTP/1.1" 200 175 "-" "PostmanRuntime/7.29.0"
::1 - - [24/Jul/2022:06:56:01 +0000] "POST /brand HTTP/1.1" 200 34 "-" "PostmanRuntime/7.29.0"
::1 - - [24/Jul/2022:06:56:15 +0000] "POST /brand HTTP/1.1" 200 34 "-" "PostmanRuntime/7.29.0"
::1 - - [24/Jul/2022:06:57:20 +0000] "POST /brand HTTP/1.1" 200 34 "-" "PostmanRuntime/7.29.0"
::1 - - [24/Jul/2022:06:57:24 +0000] "GET /brand HTTP/1.1" 200 622 "-" "PostmanRuntime/7.29.0"
::1 - - [24/Jul/2022:06:58:12 +0000] "GET /retailer HTTP/1.1" 200 208 "-" "PostmanRuntime/7.29.0"
::1 - - [24/Jul/2022:06:58:28 +0000] "POST /retailer HTTP/1.1" 200 34 "-" "PostmanRuntime/7.29.0"
::1 - - [24/Jul/2022:06:58:33 +0000] "POST /retailer HTTP/1.1" 200 34 "-" "PostmanRuntime/7.29.0"
::1 - - [24/Jul/2022:07:01:47 +0000] "GET /product HTTP/1.1" 200 155 "-" "PostmanRuntime/7.29.0"
::1 - - [24/Jul/2022:07:02:52 +0000] "GET /brand HTTP/1.1" 200 622 "-" "PostmanRuntime/7.29.0"
::1 - - [24/Jul/2022:07:03:07 +0000] "POST /product HTTP/1.1" 200 137 "-" "PostmanRuntime/7.29.0"
::1 - - [24/Jul/2022:07:03:40 +0000] "POST /product HTTP/1.1" 200 132 "-" "PostmanRuntime/7.29.0"
::1 - - [24/Jul/2022:07:04:16 +0000] "POST /product HTTP/1.1" 200 119 "-" "PostmanRuntime/7.29.0"
::1 - - [24/Jul/2022:07:05:46 +0000] "GET /product HTTP/1.1" 200 546 "-" "PostmanRuntime/7.29.0"
::1 - - [24/Jul/2022:07:06:24 +0000] "GET /retailer HTTP/1.1" 200 534 "-" "PostmanRuntime/7.29.0"
::1 - - [24/Jul/2022:07:06:57 +0000] "POST /product/sign-retailer HTTP/1.1" 200 7 "-" "PostmanRuntime/7.29.0"
::1 - - [24/Jul/2022:07:07:13 +0000] "POST /product/sign-retailer HTTP/1.1" 200 7 "-" "PostmanRuntime/7.29.0"
::1 - - [24/Jul/2022:07:07:26 +0000] "POST /product/sign-retailer HTTP/1.1" 200 7 "-" "PostmanRuntime/7.29.0"
::1 - - [24/Jul/2022:07:07:40 +0000] "GET /retailer HTTP/1.1" 200 665 "-" "PostmanRuntime/7.29.0"
::1 - - [24/Jul/2022:07:08:22 +0000] "POST /product/sign-retailer HTTP/1.1" 200 7 "-" "PostmanRuntime/7.29.0"
::1 - - [24/Jul/2022:07:08:31 +0000] "POST /product/sign-retailer HTTP/1.1" 200 7 "-" "PostmanRuntime/7.29.0"
::1 - - [24/Jul/2022:07:09:13 +0000] "POST /product/sign-retailer HTTP/1.1" 200 7 "-" "PostmanRuntime/7.29.0"
::1 - - [24/Jul/2022:07:09:19 +0000] "GET /product HTTP/1.1" 200 678 "-" "PostmanRuntime/7.29.0"
::1 - - [24/Jul/2022:07:14:11 +0000] "GET /product/retailers/62dceeab00120008aa8f33d7 HTTP/1.1" 200 703 "-" "PostmanRuntime/7.29.0"
::1 - - [24/Jul/2022:07:20:31 +0000] "GET /product/retailers/62dceeab00120008aa8f33d7 HTTP/1.1" 200 570 "-" "PostmanRuntime/7.29.0"
::1 - - [24/Jul/2022:07:21:23 +0000] "GET /product/retailers/62dceeab00120008aa8f33d7 HTTP/1.1" 500 20 "-" "PostmanRuntime/7.29.0"
::1 - - [24/Jul/2022:07:21:40 +0000] "GET /product/retailers/62dceeab00120008aa8f33d7 HTTP/1.1" 200 1088 "-" "PostmanRuntime/7.29.0"
::1 - - [24/Jul/2022:07:22:34 +0000] "GET /product/retailers/62dceeab00120008aa8f33d7 HTTP/1.1" 200 880 "-" "PostmanRuntime/7.29.0"
::1 - - [24/Jul/2022:07:26:39 +0000] "POST /product/sign-retailer HTTP/1.1" 200 7 "-" "PostmanRuntime/7.29.0"
::1 - - [24/Jul/2022:07:26:44 +0000] "GET /product HTTP/1.1" 200 678 "-" "PostmanRuntime/7.29.0"
::1 - - [24/Jul/2022:07:31:18 +0000] "POST /product/sign-retailer HTTP/1.1" 200 7 "-" "PostmanRuntime/7.29.0"
::1 - - [24/Jul/2022:07:38:10 +0000] "GET /product/retailers/62dceeab00120008aa8f33d7 HTTP/1.1" 200 880 "-" "PostmanRuntime/7.29.0"
::1 - - [24/Jul/2022:07:39:52 +0000] "POST /product/sign-retailer HTTP/1.1" 200 7 "-" "PostmanRuntime/7.29.0"
::1 - - [24/Jul/2022:07:40:03 +0000] "GET /product/retailers/62dceef000120008aa8f33db HTTP/1.1" 200 758 "-" "PostmanRuntime/7.29.0"
::1 - - [24/Jul/2022:08:36:30 +0000] "GET / HTTP/1.1" 200 123 "-" "Mozilla/5.0 (Windows NT 10.0; Win64; x64) AppleWebKit/537.36 (KHTML, like Gecko) Chrome/103.0.0.0 Safari/537.36"
::1 - - [24/Jul/2022:08:36:31 +0000] "GET /favicon.ico HTTP/1.1" 200 123 "http://localhost:3000/" "Mozilla/5.0 (Windows NT 10.0; Win64; x64) AppleWebKit/537.36 (KHTML, like Gecko) Chrome/103.0.0.0 Safari/537.36"
::1 - - [24/Jul/2022:08:37:16 +0000] "GET / HTTP/1.1" 200 138 "-" "Mozilla/5.0 (Windows NT 10.0; Win64; x64) AppleWebKit/537.36 (KHTML, like Gecko) Chrome/103.0.0.0 Safari/537.36"
::1 - - [24/Jul/2022:08:37:17 +0000] "GET /favicon.ico HTTP/1.1" 200 138 "http://localhost:3000/" "Mozilla/5.0 (Windows NT 10.0; Win64; x64) AppleWebKit/537.36 (KHTML, like Gecko) Chrome/103.0.0.0 Safari/537.36"
